C51 COMPILER V9.01   RECEIVE_MAIN                                                          05/17/2017 10:04:44 PAGE 1   


C51 COMPILER V9.01, COMPILATION OF MODULE RECEIVE_MAIN
OBJECT MODULE PLACED IN receive_main.OBJ
COMPILER INVOKED BY: D:\keil\C51\BIN\C51.EXE receive_main.c BROWSE DEBUG OBJECTEXTEND

line level    source

   1          #include <reg51.h>
   2          #define uchar unsigned char
   3          
   4          void main(){
   5   1              uchar dat;
   6   1      
   7   1              TMOD = 0x20;
   8   1              TH1 = 0xfd;
   9   1              TL1 = 0xfd;
  10   1              SCON = 0x50;
  11   1              PCON = 0x00;
  12   1              TR1 = 1;
  13   1      
  14   1              while(1){
  15   2                      while(!RI);
  16   2                      RI = 0;
  17   2                      dat = SBUF;
  18   2                      P0 = dat;
  19   2              }
  20   1      }


MODULE INFORMATION:   STATIC OVERLAYABLE
   CODE SIZE        =     28    ----
   CONSTANT SIZE    =   ----    ----
   XDATA SIZE       =   ----    ----
   PDATA SIZE       =   ----    ----
   DATA SIZE        =   ----    ----
   IDATA SIZE       =   ----    ----
   BIT SIZE         =   ----    ----
END OF MODULE INFORMATION.


C51 COMPILATION COMPLETE.  0 WARNING(S),  0 ERROR(S)
