C51 COMPILER V9.01   MAIN                                                                  06/15/2017 16:58:49 PAGE 1   


C51 COMPILER V9.01, COMPILATION OF MODULE MAIN
OBJECT MODULE PLACED IN main.OBJ
COMPILER INVOKED BY: D:\keil\C51\BIN\C51.EXE main.c BROWSE DEBUG OBJECTEXTEND

line level    source

   1          #include <reg51.H>
   2          #define uchar unsigned char
   3          #define uint unsigned int
   4          
   5          #define ANALOG_CHANNEL P0
   6          #define DEGITAL_OUT P1
   7          #define DISPLAY_OUT P2
   8          
   9          //1602片的基础位置
  10          #define BASIC_POSITION 0x80
  11          #define SECOND_LINE_FIRST_POSITION BASIC_POSITION+0x40
  12          #define HIGH_POSITION BASIC_POSITION+8
  13          #define MID_POSITION BASIC_POSITION+9
  14          #define LOW_POSITION BASIC_POSITION+10
  15          
  16          void timer_init();
  17          void delay(uint time);
  18          
  19          //1602
  20          void write_com(uchar com);
  21          void write_data(uchar datas);
  22          void write_data_pos(uint pos,uchar datas);
  23          void write_string(uchar *str);
  24          uchar read_data();
  25          uchar read_data_pos(uint pos);
  26          uint read_pointer();
  27          void display_init();
  28          
  29          //1602
  30          sbit en = P3^5;
  31          sbit rs = P3^6;
  32          sbit rw = P3^7;
  33          
  34          //ADC
  35          sbit CLOCK = P3^4;
  36          sbit ST = P3^0;
  37          sbit OE = P3^1;
  38          sbit EOC = P3^2;
  39          
  40          int datas;
  41          
  42          void main(){
  43   1              
  44   1              int low,mid,high;       
  45   1      
  46   1              timer_init();
  47   1              display_init();
  48   1              
  49   1              //选择模拟通道0
  50   1              ANALOG_CHANNEL = 0x00;
  51   1              
  52   1              write_string("    Tem: ");
  53   1              
  54   1              while(1){
  55   2                      //启动AD转换
C51 COMPILER V9.01   MAIN                                                                  06/15/2017 16:58:49 PAGE 2   

  56   2                      ST = 0;
  57   2                      ST = 1;
  58   2                      ST = 0;
  59   2      
  60   2                      while(!EOC);
  61   2              
  62   2                      OE = 1;
  63   2                      datas = DEGITAL_OUT;
  64   2                      low = datas % 10;
  65   2                      mid = datas/10 % 10;
  66   2                      high = datas / 100;
  67   2                      write_data_pos(HIGH_POSITION,high+48);
  68   2                      write_data_pos(MID_POSITION,mid+48);
  69   2                      write_data_pos(LOW_POSITION,low+48);
  70   2                      
  71   2                      OE = 0;
  72   2              }
  73   1              
  74   1      
  75   1      }
  76          
  77          void timer0_int() interrupt 1{
  78   1              CLOCK = !CLOCK;
  79   1      }
  80          
  81          /**定时器初始化*/
  82          void timer_init(){
  83   1              TMOD = 0x02;
  84   1              TH0 = 0xc0;
  85   1              TL0 = 0xc0;
  86   1              EA = 1;
  87   1              ET0 = 1;
  88   1              TR0 = 1;
  89   1      }
  90          
  91          /*延时*/
  92          void delay(uint time){
  93   1              uint x,y;
  94   1              for(x=0;x<time;x++){
  95   2                      for(y=0;y<100;y++);
  96   2              }
  97   1      }
  98          
  99          /*********************************1602**********************************************/
 100          
 101          /*1602片初始化*/
 102          void display_init(){
 103   1              en = 0;
 104   1              //默认为写操作
 105   1              rw = 0;
 106   1              //基础设置
 107   1              write_com(0x38);
 108   1              //显示打开，不显示光标
 109   1              write_com(0x0c);
 110   1              //write_com(0x0f);
 111   1              //读写一个字符指针和光标同时加1
 112   1              write_com(0x06);
 113   1              //清屏
 114   1              write_com(0x01);
 115   1              //从第一个位开始写
 116   1              write_com(0x80);
 117   1      }
C51 COMPILER V9.01   MAIN                                                                  06/15/2017 16:58:49 PAGE 3   

 118          
 119          /*写指令*/
 120          void write_com(uchar com){
 121   1              rw = 0;
 122   1              rs = 0;
 123   1              DISPLAY_OUT = com;
 124   1              delay(1);
 125   1              en = 1;
 126   1              delay(1);
 127   1              en = 0;
 128   1      }
 129          
 130          /*写数据*/        
 131          void write_data(uchar datas){
 132   1              rw = 0;
 133   1              rs = 1;
 134   1              DISPLAY_OUT = datas;
 135   1              delay(1);
 136   1              en = 1;
 137   1              delay(1);
 138   1              en = 0;
 139   1      }
 140          
 141          /*在指定位置写数据*/
 142          void write_data_pos(uint pos,uchar datas){
 143   1              write_com(pos);
 144   1              write_data(datas);
 145   1      }
 146          
 147          /*写入字符串数据*/
 148          void write_string(char *str){
 149   1              while(*str){
 150   2                      write_data(*str);
 151   2                      str++;
 152   2              }
 153   1      }
 154          
 155          /*读取数据（默认读取当前光标处的数据）*/
 156          uchar read_data(){
 157   1              uchar c = 0;
 158   1              DISPLAY_OUT = 0xff;  //为什么?
 159   1              rw = 1;
 160   1              rs = 1;
 161   1              delay(1);
 162   1              en = 1;
 163   1              //delay(1);
 164   1              c = DISPLAY_OUT;
 165   1              en = 0;
 166   1              //读取数据后，将光标拉回
 167   1              write_com(0x10);
 168   1              return c;
 169   1      }
 170          
 171          /*读取指定位置的数据*/
 172          uchar read_data_pos(uint pos){
 173   1              uchar c;
 174   1              uint pointer = read_pointer();
 175   1              write_com(pos);
 176   1              c = read_data();
 177   1              write_com(pointer);
 178   1              return c;
 179   1      }
C51 COMPILER V9.01   MAIN                                                                  06/15/2017 16:58:49 PAGE 4   

 180          
 181          /*读取当前指针的位置*/
 182          uint read_pointer(){
 183   1              uint read_pointer = 0;
 184   1              DISPLAY_OUT = 0xff; 
 185   1              rw = 1;
 186   1              rs = 0;
 187   1              delay(5);
 188   1              en = 1;
 189   1              delay(5);
 190   1              read_pointer = DISPLAY_OUT;
 191   1              en = 0;
 192   1              return read_pointer+BASIC_POSITION;     
 193   1      }


MODULE INFORMATION:   STATIC OVERLAYABLE
   CODE SIZE        =    358    ----
   CONSTANT SIZE    =     10    ----
   XDATA SIZE       =   ----    ----
   PDATA SIZE       =   ----    ----
   DATA SIZE        =      2      11
   IDATA SIZE       =   ----    ----
   BIT SIZE         =   ----    ----
END OF MODULE INFORMATION.


C51 COMPILATION COMPLETE.  0 WARNING(S),  0 ERROR(S)
