C51 COMPILER V9.01   MAIN                                                                  05/15/2017 18:01:34 PAGE 1   


C51 COMPILER V9.01, COMPILATION OF MODULE MAIN
OBJECT MODULE PLACED IN main.OBJ
COMPILER INVOKED BY: D:\keil\C51\BIN\C51.EXE main.c BROWSE DEBUG OBJECTEXTEND

line level    source

   1          #include <reg51.h>
   2          
   3          char str[] = "Hello,world!";
   4          
   5          void delay(){
   6   1              int x,y;
   7   1              for(x=0;x<400;x++){
   8   2                      for(y=0;y<10;y++);
   9   2              }
  10   1      }
  11          
  12          void main(){
  13   1      
  14   1              int i;
  15   1      
  16   1              TMOD = 0x20;
  17   1              SCON = 0x40;
  18   1              PCON = 0x00;
  19   1              TH1 = 0xfd;
  20   1              TL1 = 0xfd;
  21   1              TR1 = 1;
  22   1      
  23   1              for(i=0;i<12;i++){
  24   2                      SBUF = str[i];
  25   2                      while(!TI);
  26   2                      TI = 0;
  27   2                      delay();
  28   2              }
  29   1      
  30   1              while(1);
  31   1              
  32   1      }
  33          


MODULE INFORMATION:   STATIC OVERLAYABLE
   CODE SIZE        =     76    ----
   CONSTANT SIZE    =   ----    ----
   XDATA SIZE       =   ----    ----
   PDATA SIZE       =   ----    ----
   DATA SIZE        =     13    ----
   IDATA SIZE       =   ----    ----
   BIT SIZE         =   ----    ----
END OF MODULE INFORMATION.


C51 COMPILATION COMPLETE.  0 WARNING(S),  0 ERROR(S)
