C51 COMPILER V9.01   DISPLAY                                                               04/07/2017 15:36:07 PAGE 1   


C51 COMPILER V9.01, COMPILATION OF MODULE DISPLAY
OBJECT MODULE PLACED IN display.OBJ
COMPILER INVOKED BY: D:\keil\C51\BIN\C51.EXE display.c BROWSE DEBUG OBJECTEXTEND

line level    source

   1          
   2          /*1602片初始化*/
   3          void display_init(){
   4   1              en = 0;
*** ERROR C202 IN LINE 4 OF DISPLAY.C: 'en': undefined identifier
   5   1              //默认为写操作
   6   1              rw = 0;
*** ERROR C202 IN LINE 6 OF DISPLAY.C: 'rw': undefined identifier
   7   1              //基础设置
   8   1              write_com(0x38);
   9   1              //显示打开，不显示光标
  10   1              write_com(0x0c);
  11   1              //读写一个字符指针和光标同时加1
  12   1              write_com(0x06);
  13   1              //清屏
  14   1              write_com(0x01);
  15   1              //从第一个位开始写
  16   1              write_com(0x80);
  17   1      }
  18          
  19          /*写指令*/
  20          void write_com(uchar com){
  21   1              rw = 0;
  22   1              rs = 0;
  23   1              P0 = com;
  24   1              delay(5);
  25   1              en = 1;
  26   1              delay(5);
  27   1              en = 0;
  28   1      }
  29          
  30          /*写数据*/        
  31          void write_data(uchar datas){
  32   1              rw = 0;
  33   1              rs = 1;
  34   1              P0 = datas;
  35   1              delay(5);
  36   1              en = 1;
  37   1              delay(5);
  38   1              en = 0;
  39   1      }
  40          
  41          /*在指定位置写数据*/
  42          void write_data_pos(uint pos,uchar datas){
  43   1              write_com(pos);
  44   1              write_data(datas);
  45   1      }
  46          
  47          /*写入字符串数据*/
  48          void write_string(char *str){
  49   1              while(*str){
  50   2                      write_data(*str);
  51   2                      str++;
  52   2              }
  53   1      }
C51 COMPILER V9.01   DISPLAY                                                               04/07/2017 15:36:07 PAGE 2   

  54          
  55          /*读取数据（默认读取当前光标处的数据）*/
  56          uchar read_data(){
  57                  uchar c = 0;
  58                  P0 = 0xff;  //为什么?
  59                  rw = 1;
  60                  rs = 1;
  61                  delay(5);
  62                  en = 1;
  63                  delay(5);
  64                  c = P0;
  65                  en = 0;
  66                  return c;
  67          }
  68          
  69          /*读取指定位置的数据*/
  70          uchar read_data_pos(uint pos){
  71                  write_com(pos);
  72                  return read_data();
  73          }

C51 COMPILATION COMPLETE.  0 WARNING(S),  2 ERROR(S)
