C51 COMPILER V9.01   MAIN                                                                  05/17/2017 09:27:44 PAGE 1   


C51 COMPILER V9.01, COMPILATION OF MODULE MAIN
OBJECT MODULE PLACED IN main.OBJ
COMPILER INVOKED BY: D:\keil\C51\BIN\C51.EXE main.c BROWSE DEBUG OBJECTEXTEND

line level    source

   1          #include <reg51.h>
   2          #include <intrins.h>
   3          #define uchar unsigned char
   4          
   5          uchar leds;
   6          uchar count;
   7          
   8          void main(){
   9   1              leds = 0xfe;
  10   1              P2 = leds;
  11   1              count = 0;
  12   1      
  13   1              TMOD = 0x01;
  14   1              TH0 = 0x3c;
  15   1              TL0 = 0xb0;
  16   1              EA = 1;
  17   1              ET0 = 1;
  18   1              TR0 = 1;
  19   1      
  20   1              while(1);
  21   1      }
  22          
  23          void timer_int() interrupt 1{
  24   1              TH0 = 0x3c;
  25   1              TL0 = 0xb0;
  26   1              count++;
  27   1              if(count >= 10){
  28   2                      leds = _crol_(leds,1);
  29   2                      P2 = leds;
  30   2                      count = 0;
  31   2              }
  32   1              
  33   1      }


MODULE INFORMATION:   STATIC OVERLAYABLE
   CODE SIZE        =     79    ----
   CONSTANT SIZE    =   ----    ----
   XDATA SIZE       =   ----    ----
   PDATA SIZE       =   ----    ----
   DATA SIZE        =      2    ----
   IDATA SIZE       =   ----    ----
   BIT SIZE         =   ----    ----
END OF MODULE INFORMATION.


C51 COMPILATION COMPLETE.  0 WARNING(S),  0 ERROR(S)
