C51 COMPILER V9.01   MAIN                                                                  05/17/2017 09:32:03 PAGE 1   


C51 COMPILER V9.01, COMPILATION OF MODULE MAIN
OBJECT MODULE PLACED IN main.OBJ
COMPILER INVOKED BY: D:\keil\C51\BIN\C51.EXE main.c BROWSE DEBUG OBJECTEXTEND

line level    source

   1          #include <reg51.h>
   2          #define uchar unsigned char 
   3          
   4          uchar leds,count;
   5          
   6          void main(){
   7   1              leds = 0x00;
   8   1              P2 = leds;
   9   1      
  10   1              TMOD = 0x01;
  11   1              TH0 = 0x3c;
  12   1              TL0 = 0xb0;
  13   1              EA = 1;
  14   1              ET0 = 1;
  15   1              TR0 = 1;
  16   1      
  17   1              while(1);
  18   1      }
  19          
  20          void timer_int() interrupt 1{
  21   1              TH0 = 0x3c;
  22   1              TL0 = 0xb0;
  23   1              count++;
  24   1              if(count >= 10){
  25   2                      leds = ~leds;
  26   2                      P2 = leds;
  27   2                      count = 0;
  28   2              }
  29   1      }


MODULE INFORMATION:   STATIC OVERLAYABLE
   CODE SIZE        =     56    ----
   CONSTANT SIZE    =   ----    ----
   XDATA SIZE       =   ----    ----
   PDATA SIZE       =   ----    ----
   DATA SIZE        =      2    ----
   IDATA SIZE       =   ----    ----
   BIT SIZE         =   ----    ----
END OF MODULE INFORMATION.


C51 COMPILATION COMPLETE.  0 WARNING(S),  0 ERROR(S)
