C51 COMPILER V9.01   MAIN                                                                  06/17/2017 22:36:33 PAGE 1   


C51 COMPILER V9.01, COMPILATION OF MODULE MAIN
OBJECT MODULE PLACED IN main.OBJ
COMPILER INVOKED BY: D:\keil\C51\BIN\C51.EXE main.c BROWSE DEBUG OBJECTEXTEND

line level    source

   1          #include <reg51.h>
   2          #include <absacc.h>
   3          #define DAC0832 XBYTE[0x7fff]
   4          
   5          void delay(){
   6   1              int i;
   7   1              for(i=0;i<400;i++);
   8   1      }
   9          
  10          void main(){
  11   1              while(1){
  12   2                      DAC0832 = 1;
  13   2                      delay();
  14   2                      DAC0832 = 0;
  15   2                      delay();
  16   2              }
  17   1      }


MODULE INFORMATION:   STATIC OVERLAYABLE
   CODE SIZE        =     31    ----
   CONSTANT SIZE    =   ----    ----
   XDATA SIZE       =   ----    ----
   PDATA SIZE       =   ----    ----
   DATA SIZE        =   ----    ----
   IDATA SIZE       =   ----    ----
   BIT SIZE         =   ----    ----
END OF MODULE INFORMATION.


C51 COMPILATION COMPLETE.  0 WARNING(S),  0 ERROR(S)
